This file contains any messages produced by compilers while
running configure, to aid debugging if configure makes a mistake.

It was created by configure, which was
generated by GNU Autoconf 2.52.  Invocation command line was

  $ configure 

## ---------- ##
## Platform.  ##
## ---------- ##

hostname = kashmir
uname -m = i686
uname -r = 2.2.22
uname -s = Linux
uname -v = #1 Fri Oct 18 12:12:30 EDT 2002

/usr/bin/uname -p = unknown
/bin/uname -X     = unknown

/bin/arch              = i686
/usr/bin/arch -k       = unknown
/usr/convex/getsysinfo = unknown
hostinfo               = unknown
/bin/machine           = unknown
/usr/bin/oslevel       = unknown
/bin/universe          = unknown

PATH = /usr/local/bin:/usr/bin:/bin:/usr/X11R6/bin:/usr/games:.:/usr/share/texmf/bin

## ------------ ##
## Core tests.  ##
## ------------ ##

configure:922: PATH=".;."; conftest.sh
configure: conftest.sh: command not found
configure:925: $? = 127
configure:1004: checking for gcc
configure:1019: found /usr/bin/gcc
configure:1027: result: gcc
configure:1255: checking for C compiler version
configure:1258: gcc --version </dev/null >&5
2.95.3
configure:1261: $? = 0
configure:1263: gcc -v </dev/null >&5
Reading specs from /usr/lib/gcc-lib/i386-slackware-linux/2.95.3/specs
gcc version 2.95.3 20010315 (release)
configure:1266: $? = 0
configure:1268: gcc -V </dev/null >&5
gcc: argument to `-V' is missing
configure:1271: $? = 1
configure:1291: checking for C compiler default output
configure:1294: gcc    conftest.c  >&5
configure:1297: $? = 0
configure:1326: result: a.out
configure:1331: checking whether the C compiler works
configure:1337: ./a.out
configure:1340: $? = 0
configure:1355: result: yes
configure:1362: checking whether we are cross compiling
configure:1364: result: no
configure:1367: checking for executable suffix
configure:1369: gcc -o conftest    conftest.c  >&5
configure:1372: $? = 0
configure:1394: result: 
configure:1400: checking for object suffix
configure:1418: gcc -c   conftest.c >&5
configure:1421: $? = 0
configure:1440: result: o
configure:1444: checking whether we are using the GNU C compiler
configure:1465: gcc -c   conftest.c >&5
configure:1468: $? = 0
configure:1471: test -s conftest.o
configure:1474: $? = 0
configure:1486: result: yes
configure:1492: checking whether gcc accepts -g
configure:1510: gcc -c -g  conftest.c >&5
configure:1513: $? = 0
configure:1516: test -s conftest.o
configure:1519: $? = 0
configure:1529: result: yes
configure:1556: gcc -c -g -O2  conftest.c >&5
conftest.c:2: parse error before `me'
configure:1559: $? = 1
configure: failed program was:
#ifndef __cplusplus
  choke me
#endif
configure:1663: checking build system type
configure:1681: result: i686-pc-linux-gnu
configure:1688: checking host system type
configure:1702: result: i686-pc-linux-gnu
configure:1709: checking target system type
configure:1723: result: i686-pc-linux-gnu
configure:1736: checking whether make sets ${MAKE}
configure:1756: result: yes
configure:1767: checking for rm
configure:1784: found /bin/rm
configure:1795: result: /bin/rm
configure:1804: checking for cp
configure:1821: found /bin/cp
configure:1832: result: /bin/cp
configure:1841: checking for mv
configure:1858: found /bin/mv
configure:1869: result: /bin/mv
configure:1878: checking for ln
configure:1895: found /bin/ln
configure:1906: result: /bin/ln
configure:1915: checking for sed
configure:1932: found /usr/bin/sed
configure:1943: result: /usr/bin/sed
configure:1962: checking for a BSD compatible install
configure:2011: result: /usr/bin/ginstall -c
configure:2027: checking how to run the C preprocessor
configure:2053: gcc -E  conftest.c
configure:2059: $? = 0
configure:2086: gcc -E  conftest.c
configure:2083: ac_nonexistent.h: No such file or directory
configure:2092: $? = 1
configure: failed program was:
#line 2082 "configure"
#include "confdefs.h"
#include <ac_nonexistent.h>
configure:2129: result: gcc -E
configure:2144: gcc -E  conftest.c
configure:2150: $? = 0
configure:2177: gcc -E  conftest.c
configure:2174: ac_nonexistent.h: No such file or directory
configure:2183: $? = 1
configure: failed program was:
#line 2173 "configure"
#include "confdefs.h"
#include <ac_nonexistent.h>
configure:2222: checking for ANSI C header files
configure:2236: gcc -E  conftest.c
configure:2242: $? = 0
configure:2329: gcc -o conftest -g -O2   conftest.c  >&5
configure:2332: $? = 0
configure:2334: ./conftest
configure:2337: $? = 0
configure:2350: result: yes
configure:2363: checking for inttypes.h
configure:2373: gcc -E  conftest.c
configure:2379: $? = 0
configure:2398: result: yes
configure:2363: checking for sys/resource.h
configure:2373: gcc -E  conftest.c
configure:2379: $? = 0
configure:2398: result: yes
configure:2363: checking for sys/param.h
configure:2373: gcc -E  conftest.c
configure:2379: $? = 0
configure:2398: result: yes
configure:2363: checking for unistd.h
configure:2373: gcc -E  conftest.c
configure:2379: $? = 0
configure:2398: result: yes
configure:2363: checking for errno.h
configure:2373: gcc -E  conftest.c
configure:2379: $? = 0
configure:2398: result: yes
configure:2363: checking for string.h
configure:2373: gcc -E  conftest.c
configure:2379: $? = 0
configure:2398: result: yes
configure:2363: checking for strings.h
configure:2373: gcc -E  conftest.c
configure:2379: $? = 0
configure:2398: result: yes
configure:2363: checking for sys/syslog.h
configure:2373: gcc -E  conftest.c
configure:2379: $? = 0
configure:2398: result: yes
configure:2363: checking for stdlib.h
configure:2373: gcc -E  conftest.c
configure:2379: $? = 0
configure:2398: result: yes
configure:2363: checking for stddef.h
configure:2373: gcc -E  conftest.c
configure:2379: $? = 0
configure:2398: result: yes
configure:2363: checking for getopt.h
configure:2373: gcc -E  conftest.c
configure:2379: $? = 0
configure:2398: result: yes
configure:2408: checking for stdarg.h
configure:2418: gcc -E  conftest.c
configure:2424: $? = 0
configure:2443: result: yes
configure:2456: checking for strlcpy
configure:2493: gcc -o conftest -g -O2   conftest.c  >&5
/tmp/ccRxikk8.o: In function `main':
/home/services/zorak-services/configure:2484: undefined reference to `strlcpy'
collect2: ld returned 1 exit status
configure:2496: $? = 1
configure: failed program was:
#line 2462 "configure"
#include "confdefs.h"
/* System header to define __stub macros and hopefully few prototypes,
    which can conflict with char strlcpy (); below.  */
#include <assert.h>
/* Override any gcc2 internal prototype to avoid an error.  */
#ifdef __cplusplus
extern "C"
#endif
/* We use char because int might match the return type of a gcc2
   builtin and then its argument prototype would still apply.  */
char strlcpy ();
char (*f) ();

int
main ()
{
/* The GNU C library defines this for functions which it implements
    to always fail with ENOSYS.  Some functions are actually named
    something starting with __ and the normal name is an alias.  */
#if defined (__stub_strlcpy) || defined (__stub___strlcpy)
choke me
#else
f = strlcpy;
#endif

  ;
  return 0;
}
configure:2512: result: no
configure:2456: checking for strlcat
configure:2493: gcc -o conftest -g -O2   conftest.c  >&5
/tmp/cctDeGgU.o: In function `main':
/home/services/zorak-services/configure:2484: undefined reference to `strlcat'
collect2: ld returned 1 exit status
configure:2496: $? = 1
configure: failed program was:
#line 2462 "configure"
#include "confdefs.h"
/* System header to define __stub macros and hopefully few prototypes,
    which can conflict with char strlcat (); below.  */
#include <assert.h>
/* Override any gcc2 internal prototype to avoid an error.  */
#ifdef __cplusplus
extern "C"
#endif
/* We use char because int might match the return type of a gcc2
   builtin and then its argument prototype would still apply.  */
char strlcat ();
char (*f) ();

int
main ()
{
/* The GNU C library defines this for functions which it implements
    to always fail with ENOSYS.  Some functions are actually named
    something starting with __ and the normal name is an alias.  */
#if defined (__stub_strlcat) || defined (__stub___strlcat)
choke me
#else
f = strlcat;
#endif

  ;
  return 0;
}
configure:2512: result: no
configure:2522: checking for OpenSSL
configure:2560: result: /usr
configure:2579: checking for OpenSSL 0.9.6 or above
configure:2600: gcc -o conftest -g -O2    conftest.c   >&5
configure:2603: $? = 0
configure:2605: ./conftest
configure:2608: $? = 0
configure:2621: result: ok
configure:2626: checking for RSA_free in -lcrypto
configure:2653: gcc -o conftest -g -O2     conftest.c -lcrypto    >&5
configure:2656: $? = 0
configure:2659: test -s conftest
configure:2662: $? = 0
configure:2673: result: yes
configure:2697: checking if you want ElectricFence
configure:2717: result: 
configure:2800: creating ./config.status

## ----------------------- ##
## Running config.status.  ##
## ----------------------- ##

This file was extended by config.status 2.52, executed with
  CONFIG_FILES    = 
  CONFIG_HEADERS  = 
  CONFIG_LINKS    = 
  CONFIG_COMMANDS = 
  > ./config.status 
on kashmir

config.status:3257: creating Makefile
config.status:3257: creating src/Makefile
config.status:3349: creating include/sys.h

## ----------------- ##
## Cache variables.  ##
## ----------------- ##

ac_cv_build=i686-pc-linux-gnu
ac_cv_build_alias=i686-pc-linux-gnu
ac_cv_c_compiler_gnu=yes
ac_cv_env_CC_set=
ac_cv_env_CC_value=
ac_cv_env_CFLAGS_set=
ac_cv_env_CFLAGS_value=
ac_cv_env_CPPFLAGS_set=
ac_cv_env_CPPFLAGS_value=
ac_cv_env_CPP_set=
ac_cv_env_CPP_value=
ac_cv_env_LDFLAGS_set=
ac_cv_env_LDFLAGS_value=
ac_cv_env_build_alias_set=
ac_cv_env_build_alias_value=
ac_cv_env_host_alias_set=
ac_cv_env_host_alias_value=
ac_cv_env_target_alias_set=
ac_cv_env_target_alias_value=
ac_cv_func_strlcat=no
ac_cv_func_strlcpy=no
ac_cv_header_errno_h=yes
ac_cv_header_getopt_h=yes
ac_cv_header_inttypes_h=yes
ac_cv_header_stdarg_h=yes
ac_cv_header_stdc=yes
ac_cv_header_stddef_h=yes
ac_cv_header_stdlib_h=yes
ac_cv_header_string_h=yes
ac_cv_header_strings_h=yes
ac_cv_header_sys_param_h=yes
ac_cv_header_sys_resource_h=yes
ac_cv_header_sys_syslog_h=yes
ac_cv_header_unistd_h=yes
ac_cv_host=i686-pc-linux-gnu
ac_cv_host_alias=i686-pc-linux-gnu
ac_cv_lib_crypto_RSA_free=yes
ac_cv_objext=o
ac_cv_path_CP=/bin/cp
ac_cv_path_LN=/bin/ln
ac_cv_path_MV=/bin/mv
ac_cv_path_RM=/bin/rm
ac_cv_path_SED=/usr/bin/sed
ac_cv_path_install=$'/usr/bin/ginstall -c'
ac_cv_prog_CPP=$'gcc -E'
ac_cv_prog_ac_ct_CC=gcc
ac_cv_prog_cc_g=yes
ac_cv_prog_make_make_set=yes
ac_cv_target=i686-pc-linux-gnu
ac_cv_target_alias=i686-pc-linux-gnu

## ------------ ##
## confdefs.h.  ##
## ------------ ##

#define STDC_HEADERS 1
#define HAVE_INTTYPES_H 1
#define HAVE_SYS_RESOURCE_H 1
#define HAVE_SYS_PARAM_H 1
#define HAVE_UNISTD_H 1
#define HAVE_ERRNO_H 1
#define HAVE_STRING_H 1
#define HAVE_STRINGS_H 1
#define HAVE_SYS_SYSLOG_H 1
#define HAVE_STDLIB_H 1
#define HAVE_STDDEF_H 1
#define HAVE_GETOPT_H 1
#define HAVE_LIBCRYPTO 1


configure: exit 0
